<?xml version="1.0" encoding="UTF-8"?>
<testsuite name="br.com.alelo.consumer.consumerpat.ConsumerServiceTests" tests="6" skipped="0" failures="0" errors="0" timestamp="2025-02-19T22:23:49" hostname="WGC1SPH8MW8S3" time="0.96">
  <properties/>
  <testcase name="creditCard_ShouldIncreaseCardBalance()" classname="br.com.alelo.consumer.consumerpat.ConsumerServiceTests" time="0.859"/>
  <testcase name="createConsumer_ShouldSaveAndReturnConsumer()" classname="br.com.alelo.consumer.consumerpat.ConsumerServiceTests" time="0.008"/>
  <testcase name="makePurchase_ShouldDecreaseFoodCardBalanceAndCreateExtract()" classname="br.com.alelo.consumer.consumerpat.ConsumerServiceTests" time="0.038"/>
  <testcase name="updateConsumer_ShouldUpdateAndReturnConsumer()" classname="br.com.alelo.consumer.consumerpat.ConsumerServiceTests" time="0.007"/>
  <testcase name="makePurchase_ShouldThrowExceptionForInvalidCardNumber()" classname="br.com.alelo.consumer.consumerpat.ConsumerServiceTests" time="0.006"/>
  <testcase name="getAllConsumers_ShouldReturnPageOfConsumers()" classname="br.com.alelo.consumer.consumerpat.ConsumerServiceTests" time="0.03"/>
  <system-out><![CDATA[]]></system-out>
  <system-err><![CDATA[]]></system-err>
</testsuite>
